[debug] [2022-03-26T18:04:36.651Z] ----------------------------------------------------------------------
[debug] [2022-03-26T18:04:36.652Z] Command:       /Users/adelmuursepp/.nvm/versions/node/v14.15.5/bin/node /Users/adelmuursepp/.nvm/versions/node/v14.15.5/bin/firebase init
[debug] [2022-03-26T18:04:36.653Z] CLI Version:   10.1.4
[debug] [2022-03-26T18:04:36.653Z] Platform:      darwin
[debug] [2022-03-26T18:04:36.653Z] Node Version:  v14.15.5
[debug] [2022-03-26T18:04:36.654Z] Time:          Sat Mar 26 2022 14:04:36 GMT-0400 (Eastern Daylight Time)
[debug] [2022-03-26T18:04:36.654Z] ----------------------------------------------------------------------
[debug] 
[debug] [2022-03-26T18:04:36.660Z] > command requires scopes: ["email","openid","https://www.googleapis.com/auth/cloudplatformprojects.readonly","https://www.googleapis.com/auth/firebase","https://www.googleapis.com/auth/cloud-platform"]
[debug] [2022-03-26T18:04:36.660Z] > authorizing via signed-in user (sheandcode@gmail.com)
[info] 
     ######## #### ########  ######## ########     ###     ######  ########
     ##        ##  ##     ## ##       ##     ##  ##   ##  ##       ##
     ######    ##  ########  ######   ########  #########  ######  ######
     ##        ##  ##    ##  ##       ##     ## ##     ##       ## ##
     ##       #### ##     ## ######## ########  ##     ##  ######  ########

You're about to initialize a Firebase project in this directory:

  /Users/adelmuursepp/webdev/she-code.webflow

[info] 
=== Project Setup
[info] 
[info] First, let's associate this project directory with a Firebase project.
[info] You can create multiple project aliases by running firebase use --add, 
[info] but for now we'll just set up a default project.
[info] 
[debug] [2022-03-26T18:04:53.022Z] >>> [apiv2][query] GET https://firebase.googleapis.com/v1beta1/projects pageSize=100
[debug] [2022-03-26T18:04:53.457Z] <<< [apiv2][status] GET https://firebase.googleapis.com/v1beta1/projects 200
[debug] [2022-03-26T18:04:53.457Z] <<< [apiv2][body] GET https://firebase.googleapis.com/v1beta1/projects [omitted]
[info] i  Using project sheandcode-podcast (sheandcode-podcast) 
[info] 
=== Hosting Setup
[info] 
[info] Your public directory is the folder (relative to your project directory) that
[info] will contain Hosting assets to be uploaded with firebase deploy. If you
[info] have a build process for your assets, use your build's output directory.
[info] 
[debug] [2022-03-26T18:05:05.475Z] >>> [apiv2][query] GET https://www.gstatic.com/firebasejs/releases.json [none]
[debug] [2022-03-26T18:05:05.575Z] <<< [apiv2][status] GET https://www.gstatic.com/firebasejs/releases.json 200
[debug] [2022-03-26T18:05:05.576Z] <<< [apiv2][body] GET https://www.gstatic.com/firebasejs/releases.json {"current":{"version":"9.6.10","browserURL":"https://www.gstatic.com/firebasejs/9.6.10/firebase.js","packageURL":"https://www.gstatic.com/firebasejs/9.6.10/firebase.tgz"},"live":{"version":"9.6","browserURL":"https://www.gstatic.com/firebasejs/live/9.6/firebase.js","packageURL":"https://www.gstatic.com/firebasejs/live/9.6/firebase.tgz"},"components":{"analytics":"https://www.gstatic.com/firebasejs/9.6.10/firebase-analytics.js","app":"https://www.gstatic.com/firebasejs/9.6.10/firebase-app.js","app-check":"https://www.gstatic.com/firebasejs/9.6.10/firebase-app-check.js","auth":"https://www.gstatic.com/firebasejs/9.6.10/firebase-auth.js","auth/cordova":"https://www.gstatic.com/firebasejs/9.6.10/firebase-auth/cordova.js","auth/react-native":"https://www.gstatic.com/firebasejs/9.6.10/firebase-auth/react-native.js","functions":"https://www.gstatic.com/firebasejs/9.6.10/firebase-functions.js","firestore":"https://www.gstatic.com/firebasejs/9.6.10/firebase-firestore.js","firestore/lite":"https://www.gstatic.com/firebasejs/9.6.10/firebase-firestore/lite.js","storage":"https://www.gstatic.com/firebasejs/9.6.10/firebase-storage.js","performance":"https://www.gstatic.com/firebasejs/9.6.10/firebase-performance.js","remote-config":"https://www.gstatic.com/firebasejs/9.6.10/firebase-remote-config.js","messaging":"https://www.gstatic.com/firebasejs/9.6.10/firebase-messaging.js","messaging/sw":"https://www.gstatic.com/firebasejs/9.6.10/firebase-messaging/sw.js","database":"https://www.gstatic.com/firebasejs/9.6.10/firebase-database.js","firestore.memory":"https://www.gstatic.com/firebasejs/9.6.10/firebase-firestore.memory.js"}}
[info] ✔  Wrote public/index.html 
[info] 
[info] i  Didn't detect a .git folder. Assuming /Users/adelmuursepp/webdev/she-code.webflow is the project root. 
[info] i  Authorizing with GitHub to upload your service account to a GitHub repository's secrets store. 
[info] 
[info] Visit this URL on this device to log in:
[info] https://github.com/login/oauth/authorize?client_id=89cf50f02ac6aaed3484&state=338424826&redirect_uri=http%3A%2F%2Flocalhost%3A9005&scope=read%3Auser%20repo%20public_repo
[info] 
[info] Waiting for authentication...
[debug] [2022-03-26T18:05:22.383Z] >>> HTTP REQUEST POST https://github.com/login/oauth/access_token  
 {"client_id":"89cf50f02ac6aaed3484","client_secret":"3330d14abc895d9a74d5f17cd7a00711fa2c5bf0","code":"d89932d30b469ce07b17","redirect_uri":"http://localhost:9005","state":"338424826"}
[debug] [2022-03-26T18:05:22.584Z] <<< HTTP RESPONSE 200 {"server":"GitHub.com","date":"Sat, 26 Mar 2022 18:05:22 GMT","content-type":"application/json; charset=utf-8","transfer-encoding":"chunked","vary":"X-PJAX, X-PJAX-Container, Accept-Encoding, Accept, X-Requested-With","permissions-policy":"interest-cohort=()","etag":"W/\"9072ae998f9da9e463a7c94d63e2560d\"","cache-control":"max-age=0, private, must-revalidate","strict-transport-security":"max-age=31536000; includeSubdomains; preload","x-frame-options":"deny","x-content-type-options":"nosniff","x-xss-protection":"0","referrer-policy":"origin-when-cross-origin, strict-origin-when-cross-origin","expect-ct":"max-age=2592000, report-uri=\"https://api.github.com/_private/browser/errors\"","content-security-policy":"default-src 'none'; base-uri 'self'; block-all-mixed-content; child-src github.com/assets-cdn/worker/ gist.github.com/assets-cdn/worker/; connect-src 'self' uploads.github.com objects-origin.githubusercontent.com www.githubstatus.com collector.githubapp.com collector.github.com api.github.com github-cloud.s3.amazonaws.com github-production-repository-file-5c1aeb.s3.amazonaws.com github-production-upload-manifest-file-7fdce7.s3.amazonaws.com github-production-user-asset-6210df.s3.amazonaws.com cdn.optimizely.com logx.optimizely.com/v1/events translator.github.com wss://alive.github.com; font-src github.githubassets.com; form-action 'self' github.com gist.github.com objects-origin.githubusercontent.com; frame-ancestors 'none'; frame-src render.githubusercontent.com viewscreen.githubusercontent.com notebooks.githubusercontent.com; img-src 'self' data: github.githubassets.com identicons.github.com collector.githubapp.com collector.github.com github-cloud.s3.amazonaws.com secured-user-images.githubusercontent.com/ *.githubusercontent.com; manifest-src 'self'; media-src github.com user-images.githubusercontent.com/; script-src github.githubassets.com; style-src 'unsafe-inline' github.githubassets.com; worker-src github.com/assets-cdn/worker/ gist.github.com/assets-cdn/worker/","x-github-request-id":"C283:3912:149FB8D:22EED8D:623F55E2"}
[debug] [2022-03-26T18:05:22.592Z] >>> [apiv2][query] GET https://api.github.com/user [none]
[debug] [2022-03-26T18:05:22.829Z] <<< [apiv2][status] GET https://api.github.com/user 200
[debug] [2022-03-26T18:05:22.829Z] <<< [apiv2][body] GET https://api.github.com/user {"login":"adelmuursepp","id":42273596,"node_id":"MDQ6VXNlcjQyMjczNTk2","avatar_url":"https://avatars.githubusercontent.com/u/42273596?v=4","gravatar_id":"","url":"https://api.github.com/users/adelmuursepp","html_url":"https://github.com/adelmuursepp","followers_url":"https://api.github.com/users/adelmuursepp/followers","following_url":"https://api.github.com/users/adelmuursepp/following{/other_user}","gists_url":"https://api.github.com/users/adelmuursepp/gists{/gist_id}","starred_url":"https://api.github.com/users/adelmuursepp/starred{/owner}{/repo}","subscriptions_url":"https://api.github.com/users/adelmuursepp/subscriptions","organizations_url":"https://api.github.com/users/adelmuursepp/orgs","repos_url":"https://api.github.com/users/adelmuursepp/repos","events_url":"https://api.github.com/users/adelmuursepp/events{/privacy}","received_events_url":"https://api.github.com/users/adelmuursepp/received_events","type":"User","site_admin":false,"name":"Adel Müürsepp","company":"University of Toronto","blog":"adelmuursepp.work","location":"Toronto","email":null,"hireable":null,"bio":"Data Science and Web Development enthusiast","twitter_username":null,"public_repos":76,"public_gists":0,"followers":10,"following":3,"created_at":"2018-08-10T13:31:50Z","updated_at":"2022-03-21T15:56:34Z","private_gists":0,"total_private_repos":3,"owned_private_repos":1,"disk_usage":777260,"collaborators":1,"two_factor_authentication":false,"plan":{"name":"pro","space":976562499,"collaborators":0,"private_repos":9999}}
[info] 
[info] ✔  Success! Logged into GitHub as adelmuursepp 
[info] 
